<?xml version="1.0" encoding="UTF-8"?>
<!-- Generated by org.testng.reporters.JUnitReportReporter -->
<testsuite hostname="DESKTOP-A3EA96E" failures="0" tests="1" name="StringPractice.TestNGPrac" time="0.013" errors="0" timestamp="2023-06-23T23:41:17 IST" skipped="0">
  <testcase classname="StringPractice.TestNGPrac" name="test" time="0.013"/>
  <system-out/>
</testsuite> <!-- StringPractice.TestNGPrac -->
